0 info it worked if it ends with ok
1 verbose cli [ '/usr/local/Cellar/node/6.4.0/bin/node',
1 verbose cli   '/usr/local/bin/npm',
1 verbose cli   'run',
1 verbose cli   'test',
1 verbose cli   '--',
1 verbose cli   '--reporter',
1 verbose cli   'checkstyle' ]
2 info using npm@3.10.3
3 info using node@v6.4.0
4 verbose run-script [ 'pretest', 'test', 'posttest' ]
5 info lifecycle leetcode@1.0.0~pretest: leetcode@1.0.0
6 silly lifecycle leetcode@1.0.0~pretest: no script for pretest, continuing
7 info lifecycle leetcode@1.0.0~test: leetcode@1.0.0
8 verbose lifecycle leetcode@1.0.0~test: unsafe-perm in lifecycle true
9 verbose lifecycle leetcode@1.0.0~test: PATH: /usr/local/lib/node_modules/npm/bin/node-gyp-bin:/Users/shudery/code/leetCode/node_modules/.bin:/usr/local/Cellar/node/6.4.0/bin:/usr/local/bin:/usr/bin:/bin:/usr/sbin:/sbin:/Library/TeX/texbin
10 verbose lifecycle leetcode@1.0.0~test: CWD: /Users/shudery/code/leetCode
11 silly lifecycle leetcode@1.0.0~test: Args: [ '-c', 'n=** mocha test "--reporter" "checkstyle"' ]
12 silly lifecycle leetcode@1.0.0~test: Returned: code: 1  signal: null
13 info lifecycle leetcode@1.0.0~test: Failed to exec test script
14 verbose stack Error: leetcode@1.0.0 test: `n=** mocha test "--reporter" "checkstyle"`
14 verbose stack Exit status 1
14 verbose stack     at EventEmitter.<anonymous> (/usr/local/lib/node_modules/npm/lib/utils/lifecycle.js:242:16)
14 verbose stack     at emitTwo (events.js:106:13)
14 verbose stack     at EventEmitter.emit (events.js:191:7)
14 verbose stack     at ChildProcess.<anonymous> (/usr/local/lib/node_modules/npm/lib/utils/spawn.js:40:14)
14 verbose stack     at emitTwo (events.js:106:13)
14 verbose stack     at ChildProcess.emit (events.js:191:7)
14 verbose stack     at maybeClose (internal/child_process.js:852:16)
14 verbose stack     at Process.ChildProcess._handle.onexit (internal/child_process.js:215:5)
15 verbose pkgid leetcode@1.0.0
16 verbose cwd /Users/shudery/code/leetCode
17 error Darwin 15.4.0
18 error argv "/usr/local/Cellar/node/6.4.0/bin/node" "/usr/local/bin/npm" "run" "test" "--" "--reporter" "checkstyle"
19 error node v6.4.0
20 error npm  v3.10.3
21 error code ELIFECYCLE
22 error leetcode@1.0.0 test: `n=** mocha test "--reporter" "checkstyle"`
22 error Exit status 1
23 error Failed at the leetcode@1.0.0 test script 'n=** mocha test "--reporter" "checkstyle"'.
23 error Make sure you have the latest version of node.js and npm installed.
23 error If you do, this is most likely a problem with the leetcode package,
23 error not with npm itself.
23 error Tell the author that this fails on your system:
23 error     n=** mocha test "--reporter" "checkstyle"
23 error You can get information on how to open an issue for this project with:
23 error     npm bugs leetcode
23 error Or if that isn't available, you can get their info via:
23 error     npm owner ls leetcode
23 error There is likely additional logging output above.
24 verbose exit [ 1, true ]
